<?xml version="1.0" encoding="UTF-8"?>
<!-- Generated by org.testng.reporters.JUnitReportReporter -->
<testsuite hostname="DESKTOP-JDS586J" failures="0" tests="3" name="data.excel.LibraryAPIDemo" time="8.351" errors="0" timestamp="2021-07-01T16:34:36 IST" skipped="0">
  <testcase classname="data.excel.LibraryAPIDemo" name="addBookHashMap" time="6.299"/>
  <system-out/>
  <testcase classname="data.excel.LibraryAPIDemo" name="addBook" time="0.461"/>
  <system-out/>
  <testcase classname="data.excel.LibraryAPIDemo" name="addBookExcel" time="1.591"/>
  <system-out/>
</testsuite> <!-- data.excel.LibraryAPIDemo -->
